c:\users\robyn\downloads\gl\gl\hellogl\hellogl\debug\vc142.pdb
c:\users\robyn\downloads\gl\gl\hellogl\hellogl\debug\vc142.idb
c:\users\robyn\downloads\gl\gl\hellogl\hellogl\debug\texture2d.obj
c:\users\robyn\downloads\gl\gl\hellogl\hellogl\debug\sceneobject.obj
c:\users\robyn\downloads\gl\gl\hellogl\hellogl\debug\meshloader.obj
c:\users\robyn\downloads\gl\gl\hellogl\hellogl\debug\main.obj
c:\users\robyn\downloads\gl\gl\hellogl\hellogl\debug\hellogl.obj
c:\users\robyn\downloads\gl\gl\hellogl\hellogl\debug\glutcallbacks.obj
c:\users\robyn\downloads\gl\gl\hellogl\hellogl\debug\cube.obj
c:\users\robyn\downloads\gl\gl\hellogl\hellogl\debug\hellogl.ilk
c:\users\robyn\downloads\gl\gl\hellogl\debug\hellogl.exe
c:\users\robyn\downloads\gl\gl\hellogl\debug\hellogl.pdb
c:\users\robyn\downloads\mariogec\gl\hellogl\hellogl\debug\cube.obj
c:\users\robyn\downloads\mariogec\gl\hellogl\hellogl\debug\glutcallbacks.obj
c:\users\robyn\downloads\mariogec\gl\hellogl\hellogl\debug\hellogl.obj
c:\users\robyn\downloads\mariogec\gl\hellogl\hellogl\debug\main.obj
c:\users\robyn\downloads\mariogec\gl\hellogl\hellogl\debug\meshloader.obj
c:\users\robyn\downloads\mariogec\gl\hellogl\hellogl\debug\sceneobject.obj
c:\users\robyn\downloads\mariogec\gl\hellogl\hellogl\debug\texture2d.obj
c:\users\robyn\downloads\mariogec\gl\hellogl\hellogl\debug\hellogl.ilk
c:\users\robyn\downloads\mariogec\gl\hellogl\hellogl\debug\vc142.idb
c:\users\robyn\downloads\mariogec\gl\hellogl\hellogl\debug\vc142.pdb
c:\users\robyn\downloads\mariogec\gl\hellogl\debug\hellogl.pdb
c:\users\robyn\downloads\mariogec\gl\hellogl\debug\hellogl.exe
c:\users\robyn\downloads\mariogec\gl\hellogl\hellogl\debug\hellogl.tlog\cl.command.1.tlog
c:\users\robyn\downloads\mariogec\gl\hellogl\hellogl\debug\hellogl.tlog\cl.read.1.tlog
c:\users\robyn\downloads\mariogec\gl\hellogl\hellogl\debug\hellogl.tlog\cl.write.1.tlog
c:\users\robyn\downloads\mariogec\gl\hellogl\hellogl\debug\hellogl.tlog\link.command.1.tlog
c:\users\robyn\downloads\mariogec\gl\hellogl\hellogl\debug\hellogl.tlog\link.read.1.tlog
c:\users\robyn\downloads\mariogec\gl\hellogl\hellogl\debug\hellogl.tlog\link.write.1.tlog
